\BOOKMARK [1][-]{section.1}{Introducci\363n}{}% 1
\BOOKMARK [2][-]{subsection.1.1}{Aplicaciones Integradas}{section.1}% 2
\BOOKMARK [2][-]{subsection.1.2}{Evoluci\363n del proyecto}{section.1}% 3
\BOOKMARK [3][-]{subsubsection.1.2.1}{Integraci\363n con Google Drive}{subsection.1.2}% 4
\BOOKMARK [3][-]{subsubsection.1.2.2}{Integraci\363n con Dropbox}{subsection.1.2}% 5
\BOOKMARK [3][-]{subsubsection.1.2.3}{Integraci\363n con Facebook}{subsection.1.2}% 6
\BOOKMARK [3][-]{subsubsection.1.2.4}{Integraci\363n con Flickr}{subsection.1.2}% 7
\BOOKMARK [3][-]{subsubsection.1.2.5}{Problemas comunes encontrados}{subsection.1.2}% 8
\BOOKMARK [1][-]{section.2}{Prototipos de Interfaz de Usuario}{}% 9
\BOOKMARK [2][-]{subsection.2.1}{Interfaz de inicio}{section.2}% 10
\BOOKMARK [2][-]{subsection.2.2}{Interfaz de selecci\363n de descarga}{section.2}% 11
\BOOKMARK [2][-]{subsection.2.3}{Interfaz de cada aplicaci\363n}{section.2}% 12
\BOOKMARK [2][-]{subsection.2.4}{Interfaz de selecci\363n de publicaci\363n}{section.2}% 13
\BOOKMARK [1][-]{section.3}{Arquitectura}{}% 14
\BOOKMARK [2][-]{subsection.3.1}{Diagrama de Componentes}{section.3}% 15
\BOOKMARK [2][-]{subsection.3.2}{Diagrama de Despliegue}{section.3}% 16
\BOOKMARK [2][-]{subsection.3.3}{Diagrama de Vistas}{section.3}% 17
\BOOKMARK [1][-]{section.4}{Pruebas}{}% 18
\BOOKMARK [2][-]{subsection.4.1}{Facebook}{section.4}% 19
\BOOKMARK [2][-]{subsection.4.2}{Flickr}{section.4}% 20
\BOOKMARK [2][-]{subsection.4.3}{Dropbox}{section.4}% 21
\BOOKMARK [3][-]{subsubsection.4.3.1}{Test GetAll}{subsection.4.3}% 22
\BOOKMARK [3][-]{subsubsection.4.3.2}{Test Insert}{subsection.4.3}% 23
\BOOKMARK [3][-]{subsubsection.4.3.3}{TestDownload}{subsection.4.3}% 24
\BOOKMARK [2][-]{subsection.4.4}{Google Drive}{section.4}% 25
\BOOKMARK [1][-]{section.5}{Api Rest}{}% 26
\BOOKMARK [1][-]{section.6}{Historial de Versiones}{}% 27
\BOOKMARK [1][-]{section.7}{Autoevaluaci\363n}{}% 28
\BOOKMARK [1][-]{section.8}{Herramientas utilizadas}{}% 29
\BOOKMARK [1][-]{section.9}{Lenguajes utilizados}{}% 30
